[x= 1, y= 10]	4
[x= 1, y= 11]	7
[x= 1, y= 12]	10
[x= 1, y= 13]	8
[x= 1, y= 14]	5
[x= 1, y= 15]	4
[x= 1, y= 16]	3
[x= 1, y= 17]	6
[x= 1, y= 19]	1
[x= 1, y= 1]	1
[x= 1, y= 20]	1
[x= 1, y= 2]	1
[x= 1, y= 4]	2
[x= 1, y= 5]	2
[x= 1, y= 6]	4
[x= 1, y= 7]	4
[x= 1, y= 8]	9
[x= 1, y= 9]	7
[x= 10, y= 10]	74
[x= 10, y= 11]	67
[x= 10, y= 12]	81
[x= 10, y= 13]	60
[x= 10, y= 14]	54
[x= 10, y= 15]	47
[x= 10, y= 16]	36
[x= 10, y= 17]	34
[x= 10, y= 18]	14
[x= 10, y= 19]	16
[x= 10, y= 1]	5
[x= 10, y= 20]	4
[x= 10, y= 2]	15
[x= 10, y= 3]	18
[x= 10, y= 4]	23
[x= 10, y= 5]	35
[x= 10, y= 6]	48
[x= 10, y= 7]	63
[x= 10, y= 8]	58
[x= 10, y= 9]	66
[x= 11, y= 10]	78
[x= 11, y= 11]	59
[x= 11, y= 12]	54
[x= 11, y= 13]	50
[x= 11, y= 14]	53
[x= 11, y= 15]	35
[x= 11, y= 16]	35
[x= 11, y= 17]	29
[x= 11, y= 18]	19
[x= 11, y= 19]	24
[x= 11, y= 1]	7
[x= 11, y= 20]	8
[x= 11, y= 2]	11
[x= 11, y= 3]	23
[x= 11, y= 4]	24
[x= 11, y= 5]	43
[x= 11, y= 6]	44
[x= 11, y= 7]	55
[x= 11, y= 8]	85
[x= 11, y= 9]	69
[x= 12, y= 10]	61
[x= 12, y= 11]	72
[x= 12, y= 12]	53
[x= 12, y= 13]	49
[x= 12, y= 14]	42
[x= 12, y= 15]	45
[x= 12, y= 16]	31
[x= 12, y= 17]	25
[x= 12, y= 18]	28
[x= 12, y= 19]	11
[x= 12, y= 1]	6
[x= 12, y= 20]	3
[x= 12, y= 2]	14
[x= 12, y= 3]	19
[x= 12, y= 4]	23
[x= 12, y= 5]	33
[x= 12, y= 6]	40
[x= 12, y= 7]	52
[x= 12, y= 8]	52
[x= 12, y= 9]	56
[x= 13, y= 10]	58
[x= 13, y= 11]	63
[x= 13, y= 12]	61
[x= 13, y= 13]	44
[x= 13, y= 14]	37
[x= 13, y= 15]	34
[x= 13, y= 16]	25
[x= 13, y= 17]	19
[x= 13, y= 18]	21
[x= 13, y= 19]	10
[x= 13, y= 1]	5
[x= 13, y= 20]	5
[x= 13, y= 2]	10
[x= 13, y= 3]	18
[x= 13, y= 4]	22
[x= 13, y= 5]	32
[x= 13, y= 6]	37
[x= 13, y= 7]	49
[x= 13, y= 8]	57
[x= 13, y= 9]	57
[x= 14, y= 10]	53
[x= 14, y= 11]	65
[x= 14, y= 12]	41
[x= 14, y= 13]	35
[x= 14, y= 14]	36
[x= 14, y= 15]	29
[x= 14, y= 16]	31
[x= 14, y= 17]	23
[x= 14, y= 18]	19
[x= 14, y= 19]	9
[x= 14, y= 1]	3
[x= 14, y= 20]	6
[x= 14, y= 2]	10
[x= 14, y= 3]	19
[x= 14, y= 4]	18
[x= 14, y= 5]	25
[x= 14, y= 6]	33
[x= 14, y= 7]	31
[x= 14, y= 8]	51
[x= 14, y= 9]	54
[x= 15, y= 10]	46
[x= 15, y= 11]	37
[x= 15, y= 12]	34
[x= 15, y= 13]	21
[x= 15, y= 14]	41
[x= 15, y= 15]	24
[x= 15, y= 16]	22
[x= 15, y= 17]	19
[x= 15, y= 18]	12
[x= 15, y= 19]	13
[x= 15, y= 1]	7
[x= 15, y= 20]	7
[x= 15, y= 2]	5
[x= 15, y= 3]	19
[x= 15, y= 4]	19
[x= 15, y= 5]	25
[x= 15, y= 6]	26
[x= 15, y= 7]	33
[x= 15, y= 8]	32
[x= 15, y= 9]	32
[x= 16, y= 10]	45
[x= 16, y= 11]	29
[x= 16, y= 12]	39
[x= 16, y= 13]	35
[x= 16, y= 14]	24
[x= 16, y= 15]	22
[x= 16, y= 16]	17
[x= 16, y= 17]	18
[x= 16, y= 18]	6
[x= 16, y= 19]	5
[x= 16, y= 1]	3
[x= 16, y= 20]	2
[x= 16, y= 2]	7
[x= 16, y= 3]	11
[x= 16, y= 4]	12
[x= 16, y= 5]	17
[x= 16, y= 6]	15
[x= 16, y= 7]	33
[x= 16, y= 8]	31
[x= 16, y= 9]	35
[x= 17, y= 10]	31
[x= 17, y= 11]	25
[x= 17, y= 12]	26
[x= 17, y= 13]	30
[x= 17, y= 14]	23
[x= 17, y= 15]	18
[x= 17, y= 16]	14
[x= 17, y= 17]	17
[x= 17, y= 18]	7
[x= 17, y= 19]	11
[x= 17, y= 1]	1
[x= 17, y= 20]	1
[x= 17, y= 2]	3
[x= 17, y= 3]	9
[x= 17, y= 4]	16
[x= 17, y= 5]	11
[x= 17, y= 6]	23
[x= 17, y= 7]	18
[x= 17, y= 8]	20
[x= 17, y= 9]	25
[x= 18, y= 10]	24
[x= 18, y= 11]	29
[x= 18, y= 12]	17
[x= 18, y= 13]	21
[x= 18, y= 14]	16
[x= 18, y= 15]	21
[x= 18, y= 16]	6
[x= 18, y= 17]	8
[x= 18, y= 18]	6
[x= 18, y= 19]	6
[x= 18, y= 1]	2
[x= 18, y= 20]	3
[x= 18, y= 2]	3
[x= 18, y= 3]	6
[x= 18, y= 4]	12
[x= 18, y= 5]	16
[x= 18, y= 6]	12
[x= 18, y= 7]	16
[x= 18, y= 8]	18
[x= 18, y= 9]	26
[x= 19, y= 10]	17
[x= 19, y= 11]	21
[x= 19, y= 12]	18
[x= 19, y= 13]	12
[x= 19, y= 14]	7
[x= 19, y= 15]	9
[x= 19, y= 16]	9
[x= 19, y= 17]	3
[x= 19, y= 18]	6
[x= 19, y= 19]	5
[x= 19, y= 1]	1
[x= 19, y= 2]	5
[x= 19, y= 3]	2
[x= 19, y= 4]	11
[x= 19, y= 5]	6
[x= 19, y= 6]	8
[x= 19, y= 7]	11
[x= 19, y= 8]	8
[x= 19, y= 9]	11
[x= 2, y= 10]	15
[x= 2, y= 11]	20
[x= 2, y= 12]	20
[x= 2, y= 13]	14
[x= 2, y= 14]	12
[x= 2, y= 15]	6
[x= 2, y= 16]	12
[x= 2, y= 17]	5
[x= 2, y= 18]	5
[x= 2, y= 19]	3
[x= 2, y= 1]	1
[x= 2, y= 20]	3
[x= 2, y= 2]	8
[x= 2, y= 3]	4
[x= 2, y= 4]	7
[x= 2, y= 5]	8
[x= 2, y= 6]	4
[x= 2, y= 7]	9
[x= 2, y= 8]	13
[x= 2, y= 9]	7
[x= 20, y= 10]	3
[x= 20, y= 11]	10
[x= 20, y= 12]	14
[x= 20, y= 13]	5
[x= 20, y= 14]	8
[x= 20, y= 15]	6
[x= 20, y= 16]	3
[x= 20, y= 17]	1
[x= 20, y= 18]	2
[x= 20, y= 19]	3
[x= 20, y= 1]	1
[x= 20, y= 2]	2
[x= 20, y= 3]	1
[x= 20, y= 4]	2
[x= 20, y= 5]	1
[x= 20, y= 6]	5
[x= 20, y= 7]	7
[x= 20, y= 8]	4
[x= 20, y= 9]	8
[x= 3, y= 10]	18
[x= 3, y= 11]	22
[x= 3, y= 12]	28
[x= 3, y= 13]	16
[x= 3, y= 14]	15
[x= 3, y= 15]	10
[x= 3, y= 16]	13
[x= 3, y= 17]	13
[x= 3, y= 18]	3
[x= 3, y= 19]	3
[x= 3, y= 1]	2
[x= 3, y= 20]	3
[x= 3, y= 2]	4
[x= 3, y= 3]	6
[x= 3, y= 4]	6
[x= 3, y= 5]	7
[x= 3, y= 6]	9
[x= 3, y= 7]	11
[x= 3, y= 8]	13
[x= 3, y= 9]	18
[x= 4, y= 10]	35
[x= 4, y= 11]	41
[x= 4, y= 12]	33
[x= 4, y= 13]	18
[x= 4, y= 14]	28
[x= 4, y= 15]	18
[x= 4, y= 16]	14
[x= 4, y= 17]	7
[x= 4, y= 18]	9
[x= 4, y= 19]	2
[x= 4, y= 1]	3
[x= 4, y= 20]	3
[x= 4, y= 2]	6
[x= 4, y= 3]	12
[x= 4, y= 4]	14
[x= 4, y= 5]	20
[x= 4, y= 6]	17
[x= 4, y= 7]	21
[x= 4, y= 8]	26
[x= 4, y= 9]	23
[x= 5, y= 10]	49
[x= 5, y= 11]	39
[x= 5, y= 12]	40
[x= 5, y= 13]	21
[x= 5, y= 14]	19
[x= 5, y= 15]	19
[x= 5, y= 16]	17
[x= 5, y= 17]	9
[x= 5, y= 18]	10
[x= 5, y= 19]	6
[x= 5, y= 1]	2
[x= 5, y= 20]	6
[x= 5, y= 2]	9
[x= 5, y= 3]	14
[x= 5, y= 4]	8
[x= 5, y= 5]	19
[x= 5, y= 6]	16
[x= 5, y= 7]	25
[x= 5, y= 8]	27
[x= 5, y= 9]	27
[x= 6, y= 10]	48
[x= 6, y= 11]	51
[x= 6, y= 12]	43
[x= 6, y= 13]	32
[x= 6, y= 14]	28
[x= 6, y= 15]	21
[x= 6, y= 16]	23
[x= 6, y= 17]	8
[x= 6, y= 18]	13
[x= 6, y= 19]	13
[x= 6, y= 1]	7
[x= 6, y= 20]	3
[x= 6, y= 2]	12
[x= 6, y= 3]	21
[x= 6, y= 4]	13
[x= 6, y= 5]	27
[x= 6, y= 6]	38
[x= 6, y= 7]	37
[x= 6, y= 8]	41
[x= 6, y= 9]	37
[x= 7, y= 10]	41
[x= 7, y= 11]	59
[x= 7, y= 12]	41
[x= 7, y= 13]	28
[x= 7, y= 14]	36
[x= 7, y= 15]	36
[x= 7, y= 16]	29
[x= 7, y= 17]	20
[x= 7, y= 18]	22
[x= 7, y= 19]	12
[x= 7, y= 1]	6
[x= 7, y= 20]	6
[x= 7, y= 2]	12
[x= 7, y= 3]	19
[x= 7, y= 4]	20
[x= 7, y= 5]	24
[x= 7, y= 6]	31
[x= 7, y= 7]	40
[x= 7, y= 8]	58
[x= 7, y= 9]	57
[x= 8, y= 10]	67
[x= 8, y= 11]	64
[x= 8, y= 12]	42
[x= 8, y= 13]	54
[x= 8, y= 14]	47
[x= 8, y= 15]	21
[x= 8, y= 16]	32
[x= 8, y= 17]	13
[x= 8, y= 18]	17
[x= 8, y= 19]	10
[x= 8, y= 1]	10
[x= 8, y= 20]	10
[x= 8, y= 2]	11
[x= 8, y= 3]	17
[x= 8, y= 4]	24
[x= 8, y= 5]	26
[x= 8, y= 6]	31
[x= 8, y= 7]	47
[x= 8, y= 8]	56
[x= 8, y= 9]	68
[x= 9, y= 10]	61
[x= 9, y= 11]	64
[x= 9, y= 12]	65
[x= 9, y= 13]	60
[x= 9, y= 14]	76
[x= 9, y= 15]	42
[x= 9, y= 16]	40
[x= 9, y= 17]	23
[x= 9, y= 18]	22
[x= 9, y= 19]	9
[x= 9, y= 1]	7
[x= 9, y= 20]	3
[x= 9, y= 2]	15
[x= 9, y= 3]	15
[x= 9, y= 4]	27
[x= 9, y= 5]	23
[x= 9, y= 6]	31
[x= 9, y= 7]	48
[x= 9, y= 8]	55
[x= 9, y= 9]	64
