1	{"perMove":1.0909090909090908,"regular":41,"moves":44,"score":48,"special":3,"outcom":"Win","user":5063}
2	{"perMove":-0.22429906542056074,"regular":101,"moves":107,"score":-24,"special":6,"outcom":"Lose","user":3353}
3	{"perMove":0.12179487179487179,"regular":148,"moves":156,"score":19,"special":8,"outcom":"Win","user":8740}
4	{"perMove":-0.15228426395939088,"regular":185,"moves":197,"score":-30,"special":12,"outcom":"Lose","user":7413}
5	{"perMove":-0.20408163265306123,"regular":231,"moves":245,"score":-50,"special":14,"outcom":"Lose","user":8547}
6	{"perMove":-0.3090277777777778,"regular":270,"moves":288,"score":-89,"special":18,"outcom":"Win","user":7975}
7	{"perMove":0.08284023668639054,"regular":316,"moves":338,"score":28,"special":22,"outcom":"Win","user":597}
8	{"perMove":0.07512953367875648,"regular":362,"moves":386,"score":29,"special":24,"outcom":"Lose","user":6044}
9	{"perMove":0.11084905660377359,"regular":398,"moves":424,"score":47,"special":26,"outcom":"Win","user":6578}
10	{"perMove":-0.15778251599147122,"regular":441,"moves":469,"score":-74,"special":28,"outcom":"Win","user":16}
11	{"perMove":0.038461538461538464,"regular":515,"moves":546,"score":21,"special":31,"outcom":"Lose","user":7341}
12	{"perMove":0.09540034071550256,"regular":553,"moves":587,"score":56,"special":34,"outcom":"Win","user":4837}
13	{"perMove":0.0031645569620253164,"regular":594,"moves":632,"score":2,"special":38,"outcom":"Lose","user":4185}
14	{"perMove":0.0514018691588785,"regular":603,"moves":642,"score":33,"special":39,"outcom":"Win","user":8554}
15	{"perMove":0.08708272859216255,"regular":649,"moves":689,"score":60,"special":40,"outcom":"Win","user":4355}
16	{"perMove":-0.09863013698630137,"regular":689,"moves":730,"score":-72,"special":41,"outcom":"Lose","user":1118}
17	{"perMove":0.03835978835978836,"regular":714,"moves":756,"score":29,"special":42,"outcom":"Lose","user":8303}
18	{"perMove":-0.06234718826405868,"regular":774,"moves":818,"score":-51,"special":44,"outcom":"Win","user":7667}
19	{"perMove":0.04994192799070848,"regular":813,"moves":861,"score":43,"special":48,"outcom":"Lose","user":5579}
20	{"perMove":-0.05517241379310345,"regular":822,"moves":870,"score":-48,"special":48,"outcom":"Lose","user":2358}
21	{"perMove":0.015891032917139614,"regular":833,"moves":881,"score":14,"special":48,"outcom":"Lose","user":7463}
22	{"perMove":-0.07709011943539631,"regular":871,"moves":921,"score":-71,"special":50,"outcom":"Win","user":2935}
23	{"perMove":-0.05930470347648262,"regular":924,"moves":978,"score":-58,"special":54,"outcom":"Win","user":5629}
24	{"perMove":-0.058823529411764705,"regular":932,"moves":986,"score":-58,"special":54,"outcom":"Win","user":3170}
25	{"perMove":-0.022395326192794548,"regular":973,"moves":1027,"score":-23,"special":54,"outcom":"Win","user":6170}
26	{"perMove":-0.03445065176908752,"regular":1016,"moves":1074,"score":-37,"special":58,"outcom":"Win","user":5228}
27	{"perMove":-9.000900090009E-4,"regular":1051,"moves":1111,"score":-1,"special":60,"outcom":"Win","user":1725}
28	{"perMove":-0.04513888888888889,"regular":1091,"moves":1152,"score":-52,"special":61,"outcom":"Win","user":645}
29	{"perMove":-0.04579517069109076,"regular":1138,"moves":1201,"score":-55,"special":63,"outcom":"Lose","user":6260}
30	{"perMove":-0.020850040096230954,"regular":1183,"moves":1247,"score":-26,"special":64,"outcom":"Lose","user":1321}
31	{"perMove":-0.026113671274961597,"regular":1234,"moves":1302,"score":-34,"special":68,"outcom":"Lose","user":3283}
32	{"perMove":-0.008955223880597015,"regular":1269,"moves":1340,"score":-12,"special":71,"outcom":"Win","user":3116}
33	{"perMove":0.04191176470588235,"regular":1289,"moves":1360,"score":57,"special":71,"outcom":"Lose","user":9497}
34	{"perMove":0.013465627214741318,"regular":1336,"moves":1411,"score":19,"special":75,"outcom":"Lose","user":543}
35	{"perMove":0.016293279022403257,"regular":1396,"moves":1473,"score":24,"special":77,"outcom":"Lose","user":4622}
36	{"perMove":0.004617414248021108,"regular":1437,"moves":1516,"score":7,"special":79,"outcom":"Lose","user":4032}
37	{"perMove":0,"regular":1464,"moves":1543,"score":0,"special":79,"outcom":"Win","user":5530}
38	{"perMove":-0.005501222493887531,"regular":1553,"moves":1636,"score":-9,"special":83,"outcom":"Win","user":4919}
39	{"perMove":0.019476567255021303,"regular":1559,"moves":1643,"score":32,"special":84,"outcom":"Lose","user":2117}
40	{"perMove":0.02603550295857988,"regular":1605,"moves":1690,"score":44,"special":85,"outcom":"Lose","user":6798}
41	{"perMove":0.02991944764096663,"regular":1652,"moves":1738,"score":52,"special":86,"outcom":"Lose","user":4486}
42	{"perMove":0.042316258351893093,"regular":1706,"moves":1796,"score":76,"special":90,"outcom":"Win","user":2887}
43	{"perMove":0.061714909885308575,"regular":1738,"moves":1831,"score":113,"special":93,"outcom":"Win","user":481}
44	{"perMove":0.0158311345646438,"regular":1800,"moves":1895,"score":30,"special":95,"outcom":"Lose","user":8965}
45	{"perMove":-0.040226921093347086,"regular":1841,"moves":1939,"score":-78,"special":98,"outcom":"Lose","user":3594}
46	{"perMove":0,"regular":1887,"moves":1987,"score":0,"special":100,"outcom":"Win","user":9458}
47	{"perMove":-0.019052271617000488,"regular":1943,"moves":2047,"score":-39,"special":104,"outcom":"Lose","user":8850}
48	{"perMove":0.02681992337164751,"regular":1983,"moves":2088,"score":56,"special":105,"outcom":"Win","user":7551}
49	{"perMove":-0.048723897911832945,"regular":2048,"moves":2155,"score":-105,"special":107,"outcom":"Win","user":8035}
50	{"perMove":-0.028233151183970857,"regular":2088,"moves":2196,"score":-62,"special":108,"outcom":"Win","user":6478}
51	{"perMove":-0.014925373134328358,"regular":2102,"moves":2211,"score":-33,"special":109,"outcom":"Lose","user":4799}
52	{"perMove":0.002206531332744925,"regular":2153,"moves":2266,"score":5,"special":113,"outcom":"Win","user":3721}
53	{"perMove":-0.002193944712593243,"regular":2166,"moves":2279,"score":-21,"special":113,"outcom":"Win","user":6299}
54	{"perMove":-0.006121556624398776,"regular":2174,"moves":2287,"score":-14,"special":113,"outcom":"Lose","user":1212}
55	{"perMove":0.02581464240372408,"regular":2247,"moves":2363,"score":61,"special":116,"outcom":"Lose","user":3153}
56	{"perMove":-0.006611570247933884,"regular":2301,"moves":2420,"score":-16,"special":119,"outcom":"Lose","user":798}
57	{"perMove":0.015016233766233766,"regular":2343,"moves":2464,"score":37,"special":121,"outcom":"Lose","user":1581}
58	{"perMove":-0.016666666666666666,"regular":2396,"moves":2520,"score":-42,"special":124,"outcom":"Win","user":2234}
59	{"perMove":0.004285157771717959,"regular":2442,"moves":2567,"score":11,"special":125,"outcom":"Win","user":2879}
60	{"perMove":-0.009659969088098918,"regular":2462,"moves":2588,"score":-25,"special":126,"outcom":"Win","user":6862}
61	{"perMove":-0.01366742596810934,"regular":2504,"moves":2634,"score":-36,"special":130,"outcom":"Win","user":8276}
62	{"perMove":-7.52162467092892E-4,"regular":2527,"moves":2659,"score":-2,"special":132,"outcom":"Win","user":20}
63	{"perMove":-0.028256880733944955,"regular":2590,"moves":2725,"score":-77,"special":135,"outcom":"Lose","user":9905}
64	{"perMove":0.004297994269340974,"regular":2653,"moves":2792,"score":12,"special":139,"outcom":"Lose","user":8882}
65	{"perMove":0.013408609738884969,"regular":2693,"moves":2834,"score":38,"special":141,"outcom":"Lose","user":7421}
66	{"perMove":0.01667824878387769,"regular":2735,"moves":2878,"score":48,"special":143,"outcom":"Lose","user":4290}
67	{"perMove":0.0037414965986394557,"regular":2793,"moves":2940,"score":11,"special":147,"outcom":"Win","user":4652}
68	{"perMove":0.008040201005025126,"regular":2835,"moves":2985,"score":24,"special":150,"outcom":"Lose","user":2483}
69	{"perMove":0.010247933884297521,"regular":2874,"moves":3025,"score":31,"special":151,"outcom":"Win","user":2573}
70	{"perMove":0.004614370468029005,"regular":2883,"moves":3034,"score":14,"special":151,"outcom":"Win","user":7214}
71	{"perMove":0.023763020833333332,"regular":2917,"moves":3072,"score":73,"special":155,"outcom":"Win","user":2002}
72	{"perMove":0.006428801028608165,"regular":2954,"moves":3111,"score":20,"special":157,"outcom":"Win","user":5926}
73	{"perMove":0.018389346861128725,"regular":2994,"moves":3154,"score":58,"special":160,"outcom":"Lose","user":5914}
74	{"perMove":-0.005372945638432364,"regular":3004,"moves":3164,"score":-41,"special":160,"outcom":"Win","user":7088}
75	{"perMove":-0.004989086373557842,"regular":3045,"moves":3207,"score":-16,"special":162,"outcom":"Win","user":5976}
76	{"perMove":0.01567301782421635,"regular":3089,"moves":3254,"score":51,"special":165,"outcom":"Win","user":5126}
77	{"perMove":0.020048602673147023,"regular":3124,"moves":3292,"score":66,"special":168,"outcom":"Lose","user":6083}
78	{"perMove":-0.004447079750963534,"regular":3202,"moves":3373,"score":-15,"special":171,"outcom":"Lose","user":58}
79	{"perMove":-0.021145374449339206,"regular":3234,"moves":3405,"score":-72,"special":171,"outcom":"Lose","user":9422}
80	{"perMove":0.007254788160185722,"regular":3272,"moves":3446,"score":25,"special":174,"outcom":"Win","user":1268}
81	{"perMove":0.01833285591521054,"regular":3315,"moves":3491,"score":64,"special":176,"outcom":"Lose","user":1779}
82	{"perMove":0.0036816765788728408,"regular":3353,"moves":3531,"score":13,"special":178,"outcom":"Lose","user":4524}
83	{"perMove":0.028180803571428572,"regular":3406,"moves":3584,"score":101,"special":178,"outcom":"Lose","user":100}
84	{"perMove":0.027862068965517243,"regular":3446,"moves":3625,"score":101,"special":179,"outcom":"Win","user":1856}
85	{"perMove":-0.004922067268252666,"regular":3478,"moves":3657,"score":-18,"special":179,"outcom":"Lose","user":3785}
86	{"perMove":-0.020838971583220567,"regular":3512,"moves":3695,"score":-77,"special":183,"outcom":"Win","user":7322}
87	{"perMove":-8.032128514056225E-4,"regular":3548,"moves":3735,"score":-3,"special":187,"outcom":"Win","user":4900}
88	{"perMove":-0.0031779661016949155,"regular":3587,"moves":3776,"score":-12,"special":189,"outcom":"Lose","user":3598}
89	{"perMove":0.013044612575006522,"regular":3642,"moves":3833,"score":50,"special":191,"outcom":"Lose","user":1637}
90	{"perMove":0.003356571133488252,"regular":3679,"moves":3873,"score":13,"special":194,"outcom":"Lose","user":8074}
91	{"perMove":-0.01760653227864251,"regular":3722,"moves":3919,"score":-69,"special":197,"outcom":"Win","user":1305}
92	{"perMove":-0.004285354171918326,"regular":3769,"moves":3967,"score":-17,"special":198,"outcom":"Lose","user":9977}
93	{"perMove":0.00348866184899078,"regular":3812,"moves":4013,"score":14,"special":201,"outcom":"Lose","user":2828}
94	{"perMove":0.002206964198136341,"regular":3873,"moves":4078,"score":9,"special":205,"outcom":"Win","user":5509}
95	{"perMove":-0.009699321047526674,"regular":3919,"moves":4124,"score":-40,"special":205,"outcom":"Win","user":1816}
96	{"perMove":-0.02786452077828489,"regular":3956,"moves":4163,"score":-116,"special":207,"outcom":"Win","user":1073}
97	{"perMove":-0.011910433539780848,"regular":3987,"moves":4198,"score":-50,"special":211,"outcom":"Lose","user":2110}
98	{"perMove":-0.0014255167498218105,"regular":3997,"moves":4209,"score":-16,"special":212,"outcom":"Lose","user":5226}
99	{"perMove":-7.070469007777516E-4,"regular":4030,"moves":4243,"score":-3,"special":213,"outcom":"Win","user":4468}
100	{"perMove":-0.02134075620505683,"regular":4094,"moves":4311,"score":-92,"special":217,"outcom":"Lose","user":1464}
101	{"perMove":0.022435897435897436,"regular":4148,"moves":4368,"score":98,"special":220,"outcom":"Lose","user":7190}
102	{"perMove":-0.008769957274567124,"regular":4225,"moves":4447,"score":-39,"special":222,"outcom":"Win","user":4874}
103	{"perMove":0.0069042316258351895,"regular":4267,"moves":4490,"score":31,"special":223,"outcom":"Win","user":5707}
104	{"perMove":-0.009325044404973356,"regular":4281,"moves":4504,"score":-42,"special":223,"outcom":"Win","user":7997}
105	{"perMove":0.005538325210456358,"regular":4290,"moves":4514,"score":25,"special":224,"outcom":"Win","user":6884}
106	{"perMove":-0.027097902097902096,"regular":4348,"moves":4576,"score":-124,"special":228,"outcom":"Lose","user":6429}
107	{"perMove":-0.006060606060606061,"regular":4389,"moves":4620,"score":-28,"special":231,"outcom":"Win","user":217}
108	{"perMove":-0.004270766602605168,"regular":4448,"moves":4683,"score":-20,"special":235,"outcom":"Lose","user":1412}
109	{"perMove":-0.0010575296108291032,"regular":4492,"moves":4728,"score":-5,"special":236,"outcom":"Lose","user":49}
110	{"perMove":-0.006490787269681742,"regular":4538,"moves":4776,"score":-31,"special":238,"outcom":"Lose","user":549}
111	{"perMove":-0.007892004153686396,"regular":4575,"moves":4815,"score":-38,"special":240,"outcom":"Lose","user":2465}
112	{"perMove":0.0259289505920784,"regular":4656,"moves":4898,"score":127,"special":242,"outcom":"Win","user":3872}
113	{"perMove":-0.02778896496173983,"regular":4720,"moves":4966,"score":-138,"special":246,"outcom":"Win","user":8271}
114	{"perMove":0.007593924860111911,"regular":4755,"moves":5004,"score":38,"special":249,"outcom":"Lose","user":7927}
115	{"perMove":-0.0017835909631391202,"regular":4793,"moves":5046,"score":-9,"special":253,"outcom":"Lose","user":1664}
116	{"perMove":-0.01296405421331762,"regular":4834,"moves":5091,"score":-66,"special":257,"outcom":"Lose","user":8401}
117	{"perMove":0.0025262339681305867,"regular":4885,"moves":5146,"score":13,"special":261,"outcom":"Lose","user":5437}
118	{"perMove":0.0017394665635871666,"regular":4913,"moves":5174,"score":9,"special":261,"outcom":"Lose","user":8829}
119	{"perMove":0.010106788710907704,"regular":4983,"moves":5244,"score":53,"special":261,"outcom":"Win","user":7579}
120	{"perMove":0.0037943464238284954,"regular":5010,"moves":5271,"score":20,"special":261,"outcom":"Win","user":8799}
121	{"perMove":0.011282437006393382,"regular":5054,"moves":5318,"score":60,"special":264,"outcom":"Win","user":7061}
122	{"perMove":0.010828976848394324,"regular":5091,"moves":5356,"score":58,"special":265,"outcom":"Win","user":8584}
123	{"perMove":0.01227906976744186,"regular":5109,"moves":5375,"score":66,"special":266,"outcom":"Win","user":6983}
124	{"perMove":0,"regular":5136,"moves":5403,"score":0,"special":267,"outcom":"Win","user":6873}
125	{"perMove":-0.001820830298616169,"regular":5221,"moves":5492,"score":-10,"special":271,"outcom":"Lose","user":841}
126	{"perMove":-0.0074060693641618495,"regular":5264,"moves":5536,"score":-41,"special":272,"outcom":"Win","user":5375}
127	{"perMove":0.00984251968503937,"regular":5312,"moves":5588,"score":55,"special":276,"outcom":"Lose","user":7937}
128	{"perMove":0.0028434334458859074,"regular":5348,"moves":5627,"score":16,"special":279,"outcom":"Lose","user":9425}
129	{"perMove":0.017992591285941082,"regular":5388,"moves":5669,"score":102,"special":281,"outcom":"Lose","user":5963}
130	{"perMove":0.0024626209322779246,"regular":5402,"moves":5685,"score":14,"special":283,"outcom":"Lose","user":4944}
131	{"perMove":-0.016527487821851077,"regular":5461,"moves":5748,"score":-95,"special":287,"outcom":"Lose","user":8104}
132	{"perMove":0.005012098167991704,"regular":5498,"moves":5786,"score":29,"special":288,"outcom":"Lose","user":5389}
133	{"perMove":8.563110121596164E-4,"regular":5547,"moves":5839,"score":5,"special":292,"outcom":"Win","user":344}
134	{"perMove":0.02092904543134252,"regular":5583,"moves":5877,"score":123,"special":294,"outcom":"Win","user":3879}
135	{"perMove":-0.004563894523326572,"regular":5620,"moves":5916,"score":61,"special":296,"outcom":"Win","user":1428}
136	{"perMove":0.0023600809170600135,"regular":5636,"moves":5932,"score":14,"special":296,"outcom":"Win","user":6341}
137	{"perMove":-0.0016744809109176155,"regular":5673,"moves":5972,"score":-10,"special":299,"outcom":"Win","user":7690}
138	{"perMove":0.014620368832031898,"regular":5716,"moves":6019,"score":88,"special":303,"outcom":"Lose","user":9850}
139	{"perMove":-0.0013253810470510272,"regular":5733,"moves":6036,"score":-8,"special":303,"outcom":"Win","user":2238}
140	{"perMove":-0.02912142152023692,"regular":5771,"moves":6078,"score":-177,"special":307,"outcom":"Win","user":7987}
141	{"perMove":0.007182500816193275,"regular":5818,"moves":6126,"score":44,"special":308,"outcom":"Lose","user":3854}
142	{"perMove":0.013359085787864156,"regular":5901,"moves":6213,"score":83,"special":312,"outcom":"Lose","user":8814}
143	{"perMove":-0.00639284001917852,"regular":5944,"moves":6257,"score":-40,"special":313,"outcom":"Lose","user":7759}
144	{"perMove":0.0034915092842405966,"regular":5984,"moves":6301,"score":22,"special":317,"outcom":"Lose","user":3747}
145	{"perMove":0.009295730266267527,"regular":6030,"moves":6347,"score":59,"special":317,"outcom":"Win","user":3857}
146	{"perMove":-0.0025039123630672924,"regular":6072,"moves":6390,"score":-16,"special":318,"outcom":"Lose","user":7747}
147	{"perMove":0.009607934294126763,"regular":6132,"moves":6453,"score":62,"special":321,"outcom":"Win","user":4156}
148	{"perMove":0.006332046332046332,"regular":6152,"moves":6475,"score":41,"special":323,"outcom":"Win","user":522}
149	{"perMove":0.0019895928986838076,"regular":6207,"moves":6534,"score":13,"special":327,"outcom":"Lose","user":3650}
150	{"perMove":0.002434570906877663,"regular":6244,"moves":6572,"score":16,"special":328,"outcom":"Win","user":6240}
151	{"perMove":-0.007560864962951761,"regular":6284,"moves":6613,"score":-50,"special":329,"outcom":"Win","user":7314}
152	{"perMove":-0.0035842293906810036,"regular":6363,"moves":6696,"score":-24,"special":333,"outcom":"Win","user":8442}
153	{"perMove":-7.415097137772505E-4,"regular":6406,"moves":6743,"score":-5,"special":337,"outcom":"Lose","user":6263}
154	{"perMove":-0.0042691005446783455,"regular":6453,"moves":6793,"score":-29,"special":340,"outcom":"Win","user":3167}
155	{"perMove":-0.010245901639344262,"regular":6489,"moves":6832,"score":-70,"special":343,"outcom":"Win","user":8413}
156	{"perMove":-0.004657255130257604,"regular":6528,"moves":6871,"score":-32,"special":343,"outcom":"Lose","user":7125}
157	{"perMove":-0.004773614928395776,"regular":6569,"moves":6913,"score":-33,"special":344,"outcom":"Lose","user":8662}
158	{"perMove":-0.002444636180615473,"regular":6607,"moves":6954,"score":-17,"special":347,"outcom":"Win","user":383}
159	{"perMove":-0.009719839908519153,"regular":6646,"moves":6996,"score":-68,"special":350,"outcom":"Lose","user":8000}
160	{"perMove":-0.0019892014776925265,"regular":6685,"moves":7038,"score":-14,"special":353,"outcom":"Lose","user":5801}
161	{"perMove":0.0026824791754906114,"regular":6726,"moves":7083,"score":19,"special":357,"outcom":"Lose","user":9546}
162	{"perMove":-0.012773722627737226,"regular":6764,"moves":7124,"score":-91,"special":360,"outcom":"Win","user":1656}
163	{"perMove":4.187604690117253E-4,"regular":6801,"moves":7164,"score":3,"special":363,"outcom":"Win","user":3802}
164	{"perMove":-6.951202558042541E-4,"regular":6828,"moves":7193,"score":-5,"special":365,"outcom":"Win","user":9591}
165	{"perMove":0.0019387896413239163,"regular":6853,"moves":7221,"score":14,"special":368,"outcom":"Win","user":4617}
166	{"perMove":0.023603677782352134,"regular":6918,"moves":7287,"score":172,"special":369,"outcom":"Lose","user":2065}
167	{"perMove":-0.016453630677182484,"regular":6981,"moves":7354,"score":-121,"special":373,"outcom":"Win","user":7952}
168	{"perMove":0.017662127544829445,"regular":7042,"moves":7417,"score":131,"special":375,"outcom":"Lose","user":3907}
169	{"perMove":0.0012033694344163659,"regular":7100,"moves":7479,"score":9,"special":379,"outcom":"Lose","user":4610}
170	{"perMove":0.0022678762006403414,"regular":7115,"moves":7496,"score":17,"special":381,"outcom":"Win","user":1636}
171	{"perMove":-0.004380143350146005,"regular":7149,"moves":7534,"score":-33,"special":385,"outcom":"Win","user":9344}
172	{"perMove":0.0026469031233456856,"regular":7170,"moves":7556,"score":20,"special":386,"outcom":"Win","user":3284}
173	{"perMove":6.584145377929945E-4,"regular":7206,"moves":7594,"score":5,"special":388,"outcom":"Win","user":9288}
174	{"perMove":-0.008619563797832049,"regular":7265,"moves":7657,"score":-66,"special":392,"outcom":"Lose","user":5646}
175	{"perMove":-9.105098855359001E-4,"regular":7293,"moves":7688,"score":-7,"special":395,"outcom":"Win","user":2665}
176	{"perMove":6.471654154801967E-4,"regular":7329,"moves":7726,"score":5,"special":397,"outcom":"Win","user":9851}
177	{"perMove":-0.0011577051710830975,"regular":7375,"moves":7774,"score":-9,"special":399,"outcom":"Win","user":9632}
178	{"perMove":-0.007296466973886329,"regular":7411,"moves":7812,"score":-57,"special":401,"outcom":"Win","user":1233}
179	{"perMove":0.011315956770502225,"regular":7460,"moves":7865,"score":89,"special":405,"outcom":"Win","user":8126}
180	{"perMove":0,"regular":7499,"moves":7904,"score":0,"special":405,"outcom":"Win","user":4783}
181	{"perMove":-0.003517146087174978,"regular":7552,"moves":7961,"score":-28,"special":409,"outcom":"Win","user":3997}
182	{"perMove":-0.005124359455068116,"regular":7588,"moves":8001,"score":-41,"special":413,"outcom":"Win","user":1564}
183	{"perMove":0.0023711468863097467,"regular":7600,"moves":8013,"score":19,"special":413,"outcom":"Lose","user":137}
184	{"perMove":7.436787307882995E-4,"regular":7654,"moves":8068,"score":6,"special":414,"outcom":"Lose","user":103}
185	{"perMove":-0.0027204154816371953,"regular":7671,"moves":8087,"score":-22,"special":416,"outcom":"Win","user":2820}
186	{"perMove":0.012298610257040954,"regular":7711,"moves":8131,"score":100,"special":420,"outcom":"Win","user":3606}
187	{"perMove":-0.00244081034903588,"regular":7771,"moves":8194,"score":-20,"special":423,"outcom":"Win","user":5704}
188	{"perMove":-0.00461445051608986,"regular":7810,"moves":8235,"score":-38,"special":425,"outcom":"Win","user":7294}
189	{"perMove":0.003622750875498128,"regular":7853,"moves":8281,"score":30,"special":428,"outcom":"Lose","user":1114}
190	{"perMove":8.406388855530203E-4,"regular":7895,"moves":8327,"score":7,"special":432,"outcom":"Lose","user":8317}
191	{"perMove":0.0048990321424303976,"regular":7935,"moves":8369,"score":41,"special":434,"outcom":"Lose","user":7383}
192	{"perMove":4.7596382674916705E-4,"regular":7969,"moves":8404,"score":4,"special":435,"outcom":"Lose","user":7414}
193	{"perMove":-0.001893715232571902,"regular":8011,"moves":8449,"score":-16,"special":438,"outcom":"Win","user":1008}
194	{"perMove":-0.01215052494986434,"regular":8038,"moves":8477,"score":-103,"special":439,"outcom":"Win","user":61}
195	{"perMove":-0.006927321826934367,"regular":8074,"moves":8517,"score":-59,"special":443,"outcom":"Win","user":8861}
196	{"perMove":-0.009931066713401097,"regular":8116,"moves":8559,"score":-85,"special":443,"outcom":"Win","user":9760}
197	{"perMove":-0.0069767441860465115,"regular":8155,"moves":8600,"score":-60,"special":445,"outcom":"Win","user":6130}
198	{"perMove":-0.005556841861542023,"regular":8190,"moves":8638,"score":-48,"special":448,"outcom":"Win","user":5941}
199	{"perMove":0.001037463976945245,"regular":8225,"moves":8675,"score":9,"special":450,"outcom":"Win","user":5218}
200	{"perMove":-2.2988505747126436E-4,"regular":8249,"moves":8700,"score":-2,"special":451,"outcom":"Win","user":7712}
201	{"perMove":0.011445576284765937,"regular":8284,"moves":8737,"score":100,"special":453,"outcom":"Win","user":7423}
202	{"perMove":0.0030835998172681588,"regular":8303,"moves":8756,"score":27,"special":453,"outcom":"Lose","user":1120}
203	{"perMove":0.006601411336216709,"regular":8332,"moves":8786,"score":58,"special":454,"outcom":"Lose","user":2891}
204	{"perMove":-0.005891016200294551,"regular":8371,"moves":8827,"score":-52,"special":456,"outcom":"Lose","user":3884}
205	{"perMove":-0.0041751297675468296,"regular":8402,"moves":8862,"score":-37,"special":460,"outcom":"Lose","user":2117}
206	{"perMove":-0.009320606400898372,"regular":8442,"moves":8905,"score":-83,"special":463,"outcom":"Lose","user":1384}
207	{"perMove":-0.002573858549686661,"regular":8471,"moves":8936,"score":-23,"special":465,"outcom":"Lose","user":3885}
208	{"perMove":-0.011821121891379502,"regular":8501,"moves":8967,"score":-106,"special":466,"outcom":"Lose","user":7008}
209	{"perMove":0.002443901355254388,"regular":8534,"moves":9002,"score":22,"special":468,"outcom":"Lose","user":7450}
210	{"perMove":-0.0032129403944161313,"regular":8554,"moves":9026,"score":-29,"special":472,"outcom":"Lose","user":9261}
211	{"perMove":-0.005516936996579499,"regular":8590,"moves":9063,"score":-50,"special":473,"outcom":"Lose","user":694}
212	{"perMove":7.689772602438756E-4,"regular":8629,"moves":9103,"score":7,"special":474,"outcom":"Lose","user":8208}
213	{"perMove":0.0020842474769635806,"regular":8641,"moves":9116,"score":19,"special":475,"outcom":"Lose","user":853}
214	{"perMove":-0.0037174721189591076,"regular":8669,"moves":9146,"score":-34,"special":477,"outcom":"Lose","user":936}
215	{"perMove":-0.005883634778818915,"regular":8700,"moves":9178,"score":-54,"special":478,"outcom":"Lose","user":4349}
216	{"perMove":0.0023879300987734724,"regular":8732,"moves":9213,"score":22,"special":481,"outcom":"Lose","user":3605}
217	{"perMove":-0.0030283365779796667,"regular":8764,"moves":9246,"score":-28,"special":482,"outcom":"Lose","user":5257}
218	{"perMove":-0.013037388212477104,"regular":8795,"moves":9281,"score":-121,"special":486,"outcom":"Lose","user":7902}
219	{"perMove":0.0024728523814643586,"regular":8812,"moves":9301,"score":23,"special":489,"outcom":"Lose","user":2887}
220	{"perMove":0.004931918087273507,"regular":8835,"moves":9327,"score":46,"special":492,"outcom":"Lose","user":5323}
221	{"perMove":-0.004383151592901433,"regular":8862,"moves":9354,"score":-41,"special":492,"outcom":"Lose","user":6287}
222	{"perMove":0.003835091083413231,"regular":8894,"moves":9387,"score":36,"special":493,"outcom":"Lose","user":5404}
223	{"perMove":-0.001912655403251514,"regular":8916,"moves":9411,"score":-18,"special":495,"outcom":"Lose","user":417}
224	{"perMove":-0.0031833616298811546,"regular":8928,"moves":9424,"score":-30,"special":496,"outcom":"Lose","user":3184}
225	{"perMove":-8.47457627118644E-4,"regular":8944,"moves":9440,"score":-8,"special":496,"outcom":"Lose","user":953}
226	{"perMove":-1.0576414595452142E-4,"regular":8958,"moves":9455,"score":-1,"special":497,"outcom":"Lose","user":204}
227	{"perMove":0.005387703359391507,"regular":8969,"moves":9466,"score":51,"special":497,"outcom":"Lose","user":2472}
228	{"perMove":0.0035868762527692796,"regular":8981,"moves":9479,"score":34,"special":498,"outcom":"Lose","user":8070}
229	{"perMove":0.0037938665823585203,"regular":8990,"moves":9489,"score":36,"special":499,"outcom":"Lose","user":3049}
230	{"perMove":0.001893740136770121,"regular":9006,"moves":9505,"score":18,"special":499,"outcom":"Lose","user":3442}
231	{"perMove":0.0013651160348629634,"regular":9023,"moves":9523,"score":13,"special":500,"outcom":"Lose","user":437}
232	{"perMove":-0.001889168765743073,"regular":9028,"moves":9528,"score":-18,"special":500,"outcom":"Lose","user":314}
233	{"perMove":7.344454936522926E-4,"regular":9031,"moves":9531,"score":7,"special":500,"outcom":"Lose","user":1663}
234	{"perMove":0.005870636335045603,"regular":9038,"moves":9539,"score":56,"special":501,"outcom":"Lose","user":2302}
235	{"perMove":1.0473397570171764E-4,"regular":9045,"moves":9548,"score":1,"special":503,"outcom":"Lose","user":5174}
236	{"perMove":-7.328308207705192E-4,"regular":9049,"moves":9552,"score":-7,"special":503,"outcom":"Lose","user":2403}
237	{"perMove":-0.0011514707421752329,"regular":9050,"moves":9553,"score":-11,"special":503,"outcom":"Lose","user":3273}
238	{"perMove":9.418166596902469E-4,"regular":9053,"moves":9556,"score":9,"special":503,"outcom":"Lose","user":533}
239	{"perMove":5.229031583350763E-4,"regular":9059,"moves":9562,"score":5,"special":503,"outcom":"Lose","user":3426}
240	{"perMove":-6.272869837950862E-4,"regular":9062,"moves":9565,"score":-6,"special":503,"outcom":"Lose","user":7186}
241	{"perMove":-6.272869837950862E-4,"regular":9062,"moves":9565,"score":-6,"special":503,"outcom":"Lose","user":5946}
242	{"perMove":0,"regular":9063,"moves":9566,"score":0,"special":503,"outcom":"Lose","user":1953}
